<?xml version="1.0" encoding="UTF-8"?>
<!-- Generated by org.testng.reporters.JUnitReportReporter -->
<testsuite hostname="Navichinna" failures="0" tests="1" name="selenium_jenkins.Seleniumtest1" time="10.469" errors="0" timestamp="2023-10-11T13:32:54 IST" skipped="0">
  <testcase classname="selenium_jenkins.Seleniumtest1" name="method1" time="10.469"/>
  <system-out/>
</testsuite> <!-- selenium_jenkins.Seleniumtest1 -->
