<?xml version="1.0" encoding="UTF-8"?>
<!-- Generated by org.testng.reporters.JUnitReportReporter -->
<testsuite hostname="Navichinna" failures="0" tests="1" name="selenium_jenkins.Seleniumtest1" time="14.657" errors="0" timestamp="2023-10-11T15:14:13 IST" skipped="0">
  <testcase classname="selenium_jenkins.Seleniumtest1" name="method1" time="14.657"/>
  <system-out/>
</testsuite> <!-- selenium_jenkins.Seleniumtest1 -->
